<?xml version="1.0" encoding="UTF-8"?>
<!-- Generated by org.testng.reporters.JUnitReportReporter -->
<testsuite hostname="Trupti-and-Tejas" failures="0" tests="1" name="testcases.TC001" time="2.078" errors="0" timestamp="2021-11-22T20:01:51 EST" skipped="0">
  <testcase classname="testcases.TC001" name="tc001" time="2.078"/>
  <system-out/>
</testsuite> <!-- testcases.TC001 -->
